<?xml version="1.0" encoding="UTF-8"?>
<testng-results ignored="1" total="3" passed="1" failed="1" skipped="0">
  <reporter-output>
  </reporter-output>
  <suite started-at="2024-04-10T09:35:59 IST" name="Default suite" finished-at="2024-04-10T09:37:13 IST" duration-ms="74757">
    <groups>
    </groups>
    <test started-at="2024-04-10T09:35:59 IST" name="Default test" finished-at="2024-04-10T09:37:13 IST" duration-ms="74757">
      <class name="com.excelrproject1.SoftwareTestingBoard.EcommerceShoppingFlowTest">
        <test-method is-config="true" signature="setUp()[pri:0, instance:com.excelrproject1.SoftwareTestingBoard.EcommerceShoppingFlowTest@51e69659]" started-at="2024-04-10T09:35:59 IST" name="setUp" finished-at="2024-04-10T09:36:04 IST" duration-ms="5155" status="PASS">
          <reporter-output>
          </reporter-output>
        </test-method> <!-- setUp -->
        <test-method signature="registerAccount()[pri:1, instance:com.excelrproject1.SoftwareTestingBoard.EcommerceShoppingFlowTest@51e69659]" started-at="2024-04-10T09:36:04 IST" name="registerAccount" finished-at="2024-04-10T09:36:18 IST" duration-ms="14485" status="PASS">
          <reporter-output>
          </reporter-output>
        </test-method> <!-- registerAccount -->
        <test-method is-config="true" signature="tearDown()[pri:0, instance:com.excelrproject1.SoftwareTestingBoard.EcommerceShoppingFlowTest@51e69659]" started-at="2024-04-10T09:36:18 IST" name="tearDown" finished-at="2024-04-10T09:36:19 IST" duration-ms="586" status="PASS">
          <reporter-output>
          </reporter-output>
        </test-method> <!-- tearDown -->
        <test-method is-config="true" signature="setUp()[pri:0, instance:com.excelrproject1.SoftwareTestingBoard.EcommerceShoppingFlowTest@51e69659]" started-at="2024-04-10T09:36:19 IST" name="setUp" finished-at="2024-04-10T09:36:22 IST" duration-ms="2586" status="PASS">
          <reporter-output>
          </reporter-output>
        </test-method> <!-- setUp -->
        <test-method signature="addProductsToCart()[pri:2, instance:com.excelrproject1.SoftwareTestingBoard.EcommerceShoppingFlowTest@51e69659]" started-at="2024-04-10T09:36:22 IST" name="addProductsToCart" finished-at="2024-04-10T09:37:13 IST" depends-on-methods="com.excelrproject1.SoftwareTestingBoard.EcommerceShoppingFlowTest.registerAccount" duration-ms="51333" status="FAIL">
          <exception class="org.openqa.selenium.TimeoutException">
            <message>
              <![CDATA[Expected condition failed: waiting for visibility of element located by By.xpath: (//*[@class='product-item-details'])[1]//*[@class='product-item-name'] (tried for 20 second(s) with 500 milliseconds interval)
Build info: version: '4.14.0', revision: 'e5a96349ce'
System info: os.name: 'Windows 11', os.arch: 'amd64', os.version: '10.0', java.version: '17.0.6'
Driver info: org.openqa.selenium.chrome.ChromeDriver
Capabilities {acceptInsecureCerts: false, browserName: chrome, browserVersion: 123.0.6312.106, chrome: {chromedriverVersion: 123.0.6312.105 (399174dbe6e..., userDataDir: C:\Users\lenovo\AppData\Loc...}, fedcm:accounts: true, goog:chromeOptions: {debuggerAddress: localhost:62130}, networkConnectionEnabled: false, pageLoadStrategy: normal, platformName: windows, proxy: Proxy(), se:cdp: ws://localhost:62130/devtoo..., se:cdpVersion: 123.0.6312.106, setWindowRect: true, strictFileInteractability: false, timeouts: {implicit: 0, pageLoad: 300000, script: 30000}, unhandledPromptBehavior: dismiss and notify, webauthn:extension:credBlob: true, webauthn:extension:largeBlob: true, webauthn:extension:minPinLength: true, webauthn:extension:prf: true, webauthn:virtualAuthenticators: true}
Session ID: 03edce088dfeae75e1cb604335b9b70a]]>
            </message>
            <full-stacktrace>
              <![CDATA[org.openqa.selenium.TimeoutException: Expected condition failed: waiting for visibility of element located by By.xpath: (//*[@class='product-item-details'])[1]//*[@class='product-item-name'] (tried for 20 second(s) with 500 milliseconds interval)
Build info: version: '4.14.0', revision: 'e5a96349ce'
System info: os.name: 'Windows 11', os.arch: 'amd64', os.version: '10.0', java.version: '17.0.6'
Driver info: org.openqa.selenium.chrome.ChromeDriver
Capabilities {acceptInsecureCerts: false, browserName: chrome, browserVersion: 123.0.6312.106, chrome: {chromedriverVersion: 123.0.6312.105 (399174dbe6e..., userDataDir: C:\Users\lenovo\AppData\Loc...}, fedcm:accounts: true, goog:chromeOptions: {debuggerAddress: localhost:62130}, networkConnectionEnabled: false, pageLoadStrategy: normal, platformName: windows, proxy: Proxy(), se:cdp: ws://localhost:62130/devtoo..., se:cdpVersion: 123.0.6312.106, setWindowRect: true, strictFileInteractability: false, timeouts: {implicit: 0, pageLoad: 300000, script: 30000}, unhandledPromptBehavior: dismiss and notify, webauthn:extension:credBlob: true, webauthn:extension:largeBlob: true, webauthn:extension:minPinLength: true, webauthn:extension:prf: true, webauthn:virtualAuthenticators: true}
Session ID: 03edce088dfeae75e1cb604335b9b70a
at org.openqa.selenium.support.ui.WebDriverWait.timeoutException(WebDriverWait.java:84)
at org.openqa.selenium.support.ui.FluentWait.until(FluentWait.java:230)
at pages.CheckoutShippingPage.getProductOneName(CheckoutShippingPage.java:125)
at com.excelrproject1.SoftwareTestingBoard.EcommerceShoppingFlowTest.addProductsToCart(EcommerceShoppingFlowTest.java:84)
at java.base/jdk.internal.reflect.NativeMethodAccessorImpl.invoke0(Native Method)
at java.base/jdk.internal.reflect.NativeMethodAccessorImpl.invoke(NativeMethodAccessorImpl.java:77)
at java.base/jdk.internal.reflect.DelegatingMethodAccessorImpl.invoke(DelegatingMethodAccessorImpl.java:43)
at java.base/java.lang.reflect.Method.invoke(Method.java:568)
at org.testng.internal.invokers.MethodInvocationHelper.invokeMethod(MethodInvocationHelper.java:139)
at org.testng.internal.invokers.TestInvoker.invokeMethod(TestInvoker.java:677)
at org.testng.internal.invokers.TestInvoker.invokeTestMethod(TestInvoker.java:221)
at org.testng.internal.invokers.MethodRunner.runInSequence(MethodRunner.java:50)
at org.testng.internal.invokers.TestInvoker$MethodInvocationAgent.invoke(TestInvoker.java:969)
at org.testng.internal.invokers.TestInvoker.invokeTestMethods(TestInvoker.java:194)
at org.testng.internal.invokers.TestMethodWorker.invokeTestMethods(TestMethodWorker.java:148)
at org.testng.internal.invokers.TestMethodWorker.run(TestMethodWorker.java:128)
at java.base/java.util.ArrayList.forEach(ArrayList.java:1511)
at org.testng.TestRunner.privateRun(TestRunner.java:829)
at org.testng.TestRunner.run(TestRunner.java:602)
at org.testng.SuiteRunner.runTest(SuiteRunner.java:437)
at org.testng.SuiteRunner.runSequentially(SuiteRunner.java:431)
at org.testng.SuiteRunner.privateRun(SuiteRunner.java:391)
at org.testng.SuiteRunner.run(SuiteRunner.java:330)
at org.testng.SuiteRunnerWorker.runSuite(SuiteRunnerWorker.java:52)
at org.testng.SuiteRunnerWorker.run(SuiteRunnerWorker.java:95)
at org.testng.TestNG.runSuitesSequentially(TestNG.java:1256)
at org.testng.TestNG.runSuitesLocally(TestNG.java:1176)
at org.testng.TestNG.runSuites(TestNG.java:1099)
at org.testng.TestNG.run(TestNG.java:1067)
at org.testng.remote.AbstractRemoteTestNG.run(AbstractRemoteTestNG.java:115)
at org.testng.remote.RemoteTestNG.initAndRun(RemoteTestNG.java:251)
at org.testng.remote.RemoteTestNG.main(RemoteTestNG.java:77)
]]>
            </full-stacktrace>
          </exception> <!-- org.openqa.selenium.TimeoutException -->
          <reporter-output>
          </reporter-output>
        </test-method> <!-- addProductsToCart -->
        <test-method is-config="true" signature="tearDown()[pri:0, instance:com.excelrproject1.SoftwareTestingBoard.EcommerceShoppingFlowTest@51e69659]" started-at="2024-04-10T09:37:13 IST" name="tearDown" finished-at="2024-04-10T09:37:13 IST" duration-ms="504" status="PASS">
          <reporter-output>
          </reporter-output>
        </test-method> <!-- tearDown -->
      </class> <!-- com.excelrproject1.SoftwareTestingBoard.EcommerceShoppingFlowTest -->
    </test> <!-- Default test -->
  </suite> <!-- Default suite -->
</testng-results>
